[NCSMessageProcessorLogger] [30 Oct 2014 - 11:27:32]  INFO - NODE1 
[NCSMessageProcessorLogger] [30 Oct 2014 - 11:27:32]  INFO - NODE2 
[NCSMessageProcessorLogger] [30 Oct 2014 - 11:27:32]  INFO - NODE3 
[NCSMessageProcessorLogger] [30 Oct 2014 - 11:27:32]  INFO - NODE4 
[NCSMessageProcessorLogger] [30 Oct 2014 - 11:27:32]  INFO - NODE5 
[NCSMessageProcessorLogger] [30 Oct 2014 - 11:27:32]  INFO - .. loading config for cluster (NODE1) 
[NCSMessageProcessorLogger] [30 Oct 2014 - 11:27:32]  INFO - .. NODE1 
[NCSMessageProcessorLogger] [30 Oct 2014 - 11:27:32]  INFO - .. loading config for cluster (NODE2) 
[NCSMessageProcessorLogger] [30 Oct 2014 - 11:27:32]  INFO - .. NODE2 
[NCSMessageProcessorLogger] [30 Oct 2014 - 11:27:32]  INFO - .. loading config for cluster (NODE3) 
[NCSMessageProcessorLogger] [30 Oct 2014 - 11:27:32]  INFO - .. NODE3 
[NCSMessageProcessorLogger] [30 Oct 2014 - 11:27:32]  INFO - .. loading config for cluster (NODE4) 
[NCSMessageProcessorLogger] [30 Oct 2014 - 11:27:32]  INFO - .. NODE4 
[NCSMessageProcessorLogger] [30 Oct 2014 - 11:27:32]  INFO - .. loading config for cluster (NODE5) 
[NCSMessageProcessorLogger] [30 Oct 2014 - 11:27:32]  INFO - .. NODE5 
[NCSMessageProcessorLogger] [30 Oct 2014 - 11:27:55]  INFO - NODE1 
[NCSMessageProcessorLogger] [30 Oct 2014 - 11:27:55]  INFO - NODE2 
[NCSMessageProcessorLogger] [30 Oct 2014 - 11:27:55]  INFO - NODE3 
[NCSMessageProcessorLogger] [30 Oct 2014 - 11:27:55]  INFO - NODE4 
[NCSMessageProcessorLogger] [30 Oct 2014 - 11:27:55]  INFO - NODE5 
[NCSMessageProcessorLogger] [30 Oct 2014 - 11:27:55]  INFO - .. loading config for cluster (NODE1) 
[NCSMessageProcessorLogger] [30 Oct 2014 - 11:27:55]  INFO - .. NODE1 
[NCSMessageProcessorLogger] [30 Oct 2014 - 11:27:55]  INFO - .. loading config for cluster (NODE2) 
[NCSMessageProcessorLogger] [30 Oct 2014 - 11:27:55]  INFO - .. NODE2 
[NCSMessageProcessorLogger] [30 Oct 2014 - 11:27:55]  INFO - .. loading config for cluster (NODE3) 
[NCSMessageProcessorLogger] [30 Oct 2014 - 11:27:55]  INFO - .. NODE3 
[NCSMessageProcessorLogger] [30 Oct 2014 - 11:27:55]  INFO - .. loading config for cluster (NODE4) 
[NCSMessageProcessorLogger] [30 Oct 2014 - 11:27:55]  INFO - .. NODE4 
[NCSMessageProcessorLogger] [30 Oct 2014 - 11:27:55]  INFO - .. loading config for cluster (NODE5) 
[NCSMessageProcessorLogger] [30 Oct 2014 - 11:27:55]  INFO - .. NODE5 
[NCSMessageProcessorLogger] [30 Oct 2014 - 11:27:56] ERROR - class application.StandbyDiscoverer, run, internal, Connection refused: connect 
[NCSMessageProcessorLogger] [30 Oct 2014 - 11:27:57] ERROR - class application.StandbyDiscoverer, run, internal, Connection refused: connect 
[NCSMessageProcessorLogger] [30 Oct 2014 - 11:27:58] ERROR - class application.StandbyDiscoverer, run, internal, Connection refused: connect 
[NCSMessageProcessorLogger] [30 Oct 2014 - 11:27:59] ERROR - class application.StandbyDiscoverer, run, internal, Connection refused: connect 
[NCSMessageProcessorLogger] [30 Oct 2014 - 11:28:05] ERROR - class application.StandbyDiscoverer, run, internal, Connection refused: connect 
[NCSMessageProcessorLogger] [30 Oct 2014 - 11:28:06] ERROR - class application.StandbyDiscoverer, run, internal, Connection refused: connect 
[NCSMessageProcessorLogger] [30 Oct 2014 - 11:28:07] ERROR - class application.StandbyDiscoverer, run, internal, Connection refused: connect 
[NCSMessageProcessorLogger] [30 Oct 2014 - 11:28:08] ERROR - class application.StandbyDiscoverer, run, internal, Connection refused: connect 
[NCSMessageProcessorLogger] [30 Oct 2014 - 11:30:01]  INFO - NODE1 
[NCSMessageProcessorLogger] [30 Oct 2014 - 11:30:01]  INFO - NODE2 
[NCSMessageProcessorLogger] [30 Oct 2014 - 11:30:01]  INFO - NODE3 
[NCSMessageProcessorLogger] [30 Oct 2014 - 11:30:01]  INFO - NODE4 
[NCSMessageProcessorLogger] [30 Oct 2014 - 11:30:01]  INFO - NODE5 
[NCSMessageProcessorLogger] [30 Oct 2014 - 11:30:01]  INFO - .. loading config for cluster (NODE1) 
[NCSMessageProcessorLogger] [30 Oct 2014 - 11:30:01]  INFO - .. NODE1 
[NCSMessageProcessorLogger] [30 Oct 2014 - 11:30:01]  INFO - .. loading config for cluster (NODE2) 
[NCSMessageProcessorLogger] [30 Oct 2014 - 11:30:01]  INFO - .. NODE2 
[NCSMessageProcessorLogger] [30 Oct 2014 - 11:30:01]  INFO - .. loading config for cluster (NODE3) 
[NCSMessageProcessorLogger] [30 Oct 2014 - 11:30:01]  INFO - .. NODE3 
[NCSMessageProcessorLogger] [30 Oct 2014 - 11:30:01]  INFO - .. loading config for cluster (NODE4) 
[NCSMessageProcessorLogger] [30 Oct 2014 - 11:30:01]  INFO - .. NODE4 
[NCSMessageProcessorLogger] [30 Oct 2014 - 11:30:01]  INFO - .. loading config for cluster (NODE5) 
[NCSMessageProcessorLogger] [30 Oct 2014 - 11:30:01]  INFO - .. NODE5 
[NCSMessageProcessorLogger] [30 Oct 2014 - 11:30:01]  INFO - NODE1 
[NCSMessageProcessorLogger] [30 Oct 2014 - 11:30:01]  INFO - NODE2 
[NCSMessageProcessorLogger] [30 Oct 2014 - 11:30:01]  INFO - NODE3 
[NCSMessageProcessorLogger] [30 Oct 2014 - 11:30:01]  INFO - NODE4 
[NCSMessageProcessorLogger] [30 Oct 2014 - 11:30:01]  INFO - NODE5 
[NCSMessageProcessorLogger] [30 Oct 2014 - 11:30:01]  INFO - .. loading config for cluster (NODE1) 
[NCSMessageProcessorLogger] [30 Oct 2014 - 11:30:01]  INFO - .. NODE1 
[NCSMessageProcessorLogger] [30 Oct 2014 - 11:30:01]  INFO - .. loading config for cluster (NODE2) 
[NCSMessageProcessorLogger] [30 Oct 2014 - 11:30:01]  INFO - .. NODE2 
[NCSMessageProcessorLogger] [30 Oct 2014 - 11:30:01]  INFO - .. loading config for cluster (NODE3) 
[NCSMessageProcessorLogger] [30 Oct 2014 - 11:30:01]  INFO - .. NODE3 
[NCSMessageProcessorLogger] [30 Oct 2014 - 11:30:01]  INFO - .. loading config for cluster (NODE4) 
[NCSMessageProcessorLogger] [30 Oct 2014 - 11:30:01]  INFO - .. NODE4 
[NCSMessageProcessorLogger] [30 Oct 2014 - 11:30:01]  INFO - .. loading config for cluster (NODE5) 
[NCSMessageProcessorLogger] [30 Oct 2014 - 11:30:01]  INFO - .. NODE5 
[NCSMessageProcessorLogger] [30 Oct 2014 - 11:30:02] ERROR - class application.StandbyDiscoverer, run, internal, Connection refused: connect 
[NCSMessageProcessorLogger] [30 Oct 2014 - 11:30:03] ERROR - class application.StandbyDiscoverer, run, internal, Connection refused: connect 
[NCSMessageProcessorLogger] [30 Oct 2014 - 11:30:04] ERROR - class application.StandbyDiscoverer, run, internal, Connection refused: connect 
[NCSMessageProcessorLogger] [30 Oct 2014 - 11:30:05] ERROR - class application.StandbyDiscoverer, run, internal, Connection refused: connect 
[NCSMessageProcessorLogger] [30 Oct 2014 - 11:30:11] ERROR - class application.StandbyDiscoverer, run, internal, Connection refused: connect 
[NCSMessageProcessorLogger] [30 Oct 2014 - 11:30:12] ERROR - class application.StandbyDiscoverer, run, internal, Connection refused: connect 
[NCSMessageProcessorLogger] [30 Oct 2014 - 11:30:13] ERROR - class application.StandbyDiscoverer, run, internal, Connection refused: connect 
[NCSMessageProcessorLogger] [30 Oct 2014 - 11:30:14] ERROR - class application.StandbyDiscoverer, run, internal, Connection refused: connect 
[NCSMessageProcessorLogger] [30 Oct 2014 - 11:30:44]  INFO - NODE1 
[NCSMessageProcessorLogger] [30 Oct 2014 - 11:30:44]  INFO - NODE2 
[NCSMessageProcessorLogger] [30 Oct 2014 - 11:30:44]  INFO - NODE3 
[NCSMessageProcessorLogger] [30 Oct 2014 - 11:30:44]  INFO - NODE4 
[NCSMessageProcessorLogger] [30 Oct 2014 - 11:30:44]  INFO - NODE5 
[NCSMessageProcessorLogger] [30 Oct 2014 - 11:30:44]  INFO - .. loading config for cluster (NODE1) 
[NCSMessageProcessorLogger] [30 Oct 2014 - 11:30:44]  INFO - .. NODE1 
[NCSMessageProcessorLogger] [30 Oct 2014 - 11:30:44]  INFO - .. loading config for cluster (NODE2) 
[NCSMessageProcessorLogger] [30 Oct 2014 - 11:30:44]  INFO - .. NODE2 
[NCSMessageProcessorLogger] [30 Oct 2014 - 11:30:44]  INFO - .. loading config for cluster (NODE3) 
[NCSMessageProcessorLogger] [30 Oct 2014 - 11:30:45]  INFO - .. NODE3 
[NCSMessageProcessorLogger] [30 Oct 2014 - 11:30:45]  INFO - .. loading config for cluster (NODE4) 
[NCSMessageProcessorLogger] [30 Oct 2014 - 11:30:45]  INFO - .. NODE4 
[NCSMessageProcessorLogger] [30 Oct 2014 - 11:30:45]  INFO - .. loading config for cluster (NODE5) 
[NCSMessageProcessorLogger] [30 Oct 2014 - 11:30:45]  INFO - .. NODE5 
[NCSMessageProcessorLogger] [30 Oct 2014 - 11:30:45]  INFO - NODE1 
[NCSMessageProcessorLogger] [30 Oct 2014 - 11:30:45]  INFO - NODE2 
[NCSMessageProcessorLogger] [30 Oct 2014 - 11:30:45]  INFO - NODE3 
[NCSMessageProcessorLogger] [30 Oct 2014 - 11:30:45]  INFO - NODE4 
[NCSMessageProcessorLogger] [30 Oct 2014 - 11:30:45]  INFO - NODE5 
[NCSMessageProcessorLogger] [30 Oct 2014 - 11:30:45]  INFO - .. loading config for cluster (NODE1) 
[NCSMessageProcessorLogger] [30 Oct 2014 - 11:30:45]  INFO - .. NODE1 
[NCSMessageProcessorLogger] [30 Oct 2014 - 11:30:45]  INFO - .. loading config for cluster (NODE2) 
[NCSMessageProcessorLogger] [30 Oct 2014 - 11:30:45]  INFO - .. NODE2 
[NCSMessageProcessorLogger] [30 Oct 2014 - 11:30:45]  INFO - .. loading config for cluster (NODE3) 
[NCSMessageProcessorLogger] [30 Oct 2014 - 11:30:45]  INFO - .. NODE3 
[NCSMessageProcessorLogger] [30 Oct 2014 - 11:30:45]  INFO - .. loading config for cluster (NODE4) 
[NCSMessageProcessorLogger] [30 Oct 2014 - 11:30:45]  INFO - .. NODE4 
[NCSMessageProcessorLogger] [30 Oct 2014 - 11:30:45]  INFO - .. loading config for cluster (NODE5) 
[NCSMessageProcessorLogger] [30 Oct 2014 - 11:30:45]  INFO - .. NODE5 
[NCSMessageProcessorLogger] [30 Oct 2014 - 11:30:46] ERROR - class application.StandbyDiscoverer, run, internal, Connection refused: connect 
[NCSMessageProcessorLogger] [30 Oct 2014 - 11:30:47] ERROR - class application.StandbyDiscoverer, run, internal, Connection refused: connect 
[NCSMessageProcessorLogger] [30 Oct 2014 - 11:30:48] ERROR - class application.StandbyDiscoverer, run, internal, Connection refused: connect 
[NCSMessageProcessorLogger] [30 Oct 2014 - 11:30:49] ERROR - class application.StandbyDiscoverer, run, internal, Connection refused: connect 
[NCSMessageProcessorLogger] [30 Oct 2014 - 12:24:41]  INFO - NODE1 
[NCSMessageProcessorLogger] [30 Oct 2014 - 12:24:41]  INFO - NODE2 
[NCSMessageProcessorLogger] [30 Oct 2014 - 12:24:41]  INFO - NODE3 
[NCSMessageProcessorLogger] [30 Oct 2014 - 12:24:41]  INFO - NODE4 
[NCSMessageProcessorLogger] [30 Oct 2014 - 12:24:41]  INFO - NODE5 
[NCSMessageProcessorLogger] [30 Oct 2014 - 12:24:41]  INFO - .. loading config for cluster (NODE1) 
[NCSMessageProcessorLogger] [30 Oct 2014 - 12:24:41]  INFO - .. NODE1 
[NCSMessageProcessorLogger] [30 Oct 2014 - 12:24:41]  INFO - .. loading config for cluster (NODE2) 
[NCSMessageProcessorLogger] [30 Oct 2014 - 12:24:41]  INFO - .. NODE2 
[NCSMessageProcessorLogger] [30 Oct 2014 - 12:24:41]  INFO - .. loading config for cluster (NODE3) 
[NCSMessageProcessorLogger] [30 Oct 2014 - 12:24:41]  INFO - .. NODE3 
[NCSMessageProcessorLogger] [30 Oct 2014 - 12:24:41]  INFO - .. loading config for cluster (NODE4) 
[NCSMessageProcessorLogger] [30 Oct 2014 - 12:24:41]  INFO - .. NODE4 
[NCSMessageProcessorLogger] [30 Oct 2014 - 12:24:41]  INFO - .. loading config for cluster (NODE5) 
[NCSMessageProcessorLogger] [30 Oct 2014 - 12:24:41]  INFO - .. NODE5 
[NCSMessageProcessorLogger] [30 Oct 2014 - 12:24:41]  INFO - NODE1 
[NCSMessageProcessorLogger] [30 Oct 2014 - 12:24:41]  INFO - NODE2 
[NCSMessageProcessorLogger] [30 Oct 2014 - 12:24:41]  INFO - NODE3 
[NCSMessageProcessorLogger] [30 Oct 2014 - 12:24:41]  INFO - NODE4 
[NCSMessageProcessorLogger] [30 Oct 2014 - 12:24:41]  INFO - NODE5 
[NCSMessageProcessorLogger] [30 Oct 2014 - 12:24:41]  INFO - .. loading config for cluster (NODE1) 
[NCSMessageProcessorLogger] [30 Oct 2014 - 12:24:41]  INFO - .. NODE1 
[NCSMessageProcessorLogger] [30 Oct 2014 - 12:24:41]  INFO - .. loading config for cluster (NODE2) 
[NCSMessageProcessorLogger] [30 Oct 2014 - 12:24:41]  INFO - .. NODE2 
[NCSMessageProcessorLogger] [30 Oct 2014 - 12:24:41]  INFO - .. loading config for cluster (NODE3) 
[NCSMessageProcessorLogger] [30 Oct 2014 - 12:24:41]  INFO - .. NODE3 
[NCSMessageProcessorLogger] [30 Oct 2014 - 12:24:41]  INFO - .. loading config for cluster (NODE4) 
[NCSMessageProcessorLogger] [30 Oct 2014 - 12:24:41]  INFO - .. NODE4 
[NCSMessageProcessorLogger] [30 Oct 2014 - 12:24:41]  INFO - .. loading config for cluster (NODE5) 
[NCSMessageProcessorLogger] [30 Oct 2014 - 12:24:41]  INFO - .. NODE5 
[NCSMessageProcessorLogger] [30 Oct 2014 - 12:24:42] ERROR - class application.StandbyDiscoverer, run, internal, Connection refused: connect 
[NCSMessageProcessorLogger] [30 Oct 2014 - 12:24:43] ERROR - class application.StandbyDiscoverer, run, internal, Connection refused: connect 
[NCSMessageProcessorLogger] [30 Oct 2014 - 12:24:44] ERROR - class application.StandbyDiscoverer, run, internal, Connection refused: connect 
[NCSMessageProcessorLogger] [30 Oct 2014 - 12:24:45] ERROR - class application.StandbyDiscoverer, run, internal, Connection refused: connect 
[NCSMessageProcessorLogger] [30 Oct 2014 - 12:24:51] ERROR - class application.StandbyDiscoverer, run, internal, Connection refused: connect 
[NCSMessageProcessorLogger] [30 Oct 2014 - 12:24:52] ERROR - class application.StandbyDiscoverer, run, internal, Connection refused: connect 
[NCSMessageProcessorLogger] [30 Oct 2014 - 12:24:53] ERROR - class application.StandbyDiscoverer, run, internal, Connection refused: connect 
[NCSMessageProcessorLogger] [30 Oct 2014 - 12:24:54] ERROR - class application.StandbyDiscoverer, run, internal, Connection refused: connect 
[NCSMessageProcessorLogger] [30 Oct 2014 - 02:30:17]  INFO - NODE1 
[NCSMessageProcessorLogger] [30 Oct 2014 - 02:30:17]  INFO - NODE2 
[NCSMessageProcessorLogger] [30 Oct 2014 - 02:30:17]  INFO - NODE3 
[NCSMessageProcessorLogger] [30 Oct 2014 - 02:30:17]  INFO - NODE4 
[NCSMessageProcessorLogger] [30 Oct 2014 - 02:30:17]  INFO - NODE5 
[NCSMessageProcessorLogger] [30 Oct 2014 - 02:30:17]  INFO - .. loading config for cluster (NODE1) 
[NCSMessageProcessorLogger] [30 Oct 2014 - 02:30:17]  INFO - .. NODE1 
[NCSMessageProcessorLogger] [30 Oct 2014 - 02:30:17]  INFO - .. loading config for cluster (NODE2) 
[NCSMessageProcessorLogger] [30 Oct 2014 - 02:30:17]  INFO - .. NODE2 
[NCSMessageProcessorLogger] [30 Oct 2014 - 02:30:17]  INFO - .. loading config for cluster (NODE3) 
[NCSMessageProcessorLogger] [30 Oct 2014 - 02:30:17]  INFO - .. NODE3 
[NCSMessageProcessorLogger] [30 Oct 2014 - 02:30:17]  INFO - .. loading config for cluster (NODE4) 
[NCSMessageProcessorLogger] [30 Oct 2014 - 02:30:17]  INFO - .. NODE4 
[NCSMessageProcessorLogger] [30 Oct 2014 - 02:30:17]  INFO - .. loading config for cluster (NODE5) 
[NCSMessageProcessorLogger] [30 Oct 2014 - 02:30:17]  INFO - .. NODE5 
[NCSMessageProcessorLogger] [30 Oct 2014 - 02:30:17]  INFO - NODE1 
[NCSMessageProcessorLogger] [30 Oct 2014 - 02:30:17]  INFO - NODE2 
[NCSMessageProcessorLogger] [30 Oct 2014 - 02:30:17]  INFO - NODE3 
[NCSMessageProcessorLogger] [30 Oct 2014 - 02:30:17]  INFO - NODE4 
[NCSMessageProcessorLogger] [30 Oct 2014 - 02:30:17]  INFO - NODE5 
[NCSMessageProcessorLogger] [30 Oct 2014 - 02:30:17]  INFO - .. loading config for cluster (NODE1) 
[NCSMessageProcessorLogger] [30 Oct 2014 - 02:30:17]  INFO - .. NODE1 
[NCSMessageProcessorLogger] [30 Oct 2014 - 02:30:17]  INFO - .. loading config for cluster (NODE2) 
[NCSMessageProcessorLogger] [30 Oct 2014 - 02:30:17]  INFO - .. NODE2 
[NCSMessageProcessorLogger] [30 Oct 2014 - 02:30:17]  INFO - .. loading config for cluster (NODE3) 
[NCSMessageProcessorLogger] [30 Oct 2014 - 02:30:17]  INFO - .. NODE3 
[NCSMessageProcessorLogger] [30 Oct 2014 - 02:30:17]  INFO - .. loading config for cluster (NODE4) 
[NCSMessageProcessorLogger] [30 Oct 2014 - 02:30:17]  INFO - .. NODE4 
[NCSMessageProcessorLogger] [30 Oct 2014 - 02:30:17]  INFO - .. loading config for cluster (NODE5) 
[NCSMessageProcessorLogger] [30 Oct 2014 - 02:30:17]  INFO - .. NODE5 
[NCSMessageProcessorLogger] [30 Oct 2014 - 02:30:18] ERROR - class application.StandbyDiscoverer, run, internal, Connection refused: connect 
[NCSMessageProcessorLogger] [30 Oct 2014 - 02:30:20] ERROR - class application.StandbyDiscoverer, run, internal, Connection refused: connect 
[NCSMessageProcessorLogger] [30 Oct 2014 - 02:30:21] ERROR - class application.StandbyDiscoverer, run, internal, Connection refused: connect 
[NCSMessageProcessorLogger] [30 Oct 2014 - 02:30:22] ERROR - class application.StandbyDiscoverer, run, internal, Connection refused: connect 
[NCSMessageProcessorLogger] [30 Oct 2014 - 02:32:44]  INFO - NODE1 
[NCSMessageProcessorLogger] [30 Oct 2014 - 02:32:44]  INFO - NODE2 
[NCSMessageProcessorLogger] [30 Oct 2014 - 02:32:44]  INFO - NODE3 
[NCSMessageProcessorLogger] [30 Oct 2014 - 02:32:44]  INFO - NODE4 
[NCSMessageProcessorLogger] [30 Oct 2014 - 02:32:44]  INFO - NODE5 
[NCSMessageProcessorLogger] [30 Oct 2014 - 02:32:44]  INFO - .. loading config for cluster (NODE1) 
[NCSMessageProcessorLogger] [30 Oct 2014 - 02:32:44]  INFO - .. NODE1 
[NCSMessageProcessorLogger] [30 Oct 2014 - 02:32:44]  INFO - .. loading config for cluster (NODE2) 
[NCSMessageProcessorLogger] [30 Oct 2014 - 02:32:44]  INFO - .. NODE2 
[NCSMessageProcessorLogger] [30 Oct 2014 - 02:32:44]  INFO - .. loading config for cluster (NODE3) 
[NCSMessageProcessorLogger] [30 Oct 2014 - 02:32:44]  INFO - .. NODE3 
[NCSMessageProcessorLogger] [30 Oct 2014 - 02:32:44]  INFO - .. loading config for cluster (NODE4) 
[NCSMessageProcessorLogger] [30 Oct 2014 - 02:32:44]  INFO - .. NODE4 
[NCSMessageProcessorLogger] [30 Oct 2014 - 02:32:44]  INFO - .. loading config for cluster (NODE5) 
[NCSMessageProcessorLogger] [30 Oct 2014 - 02:32:44]  INFO - .. NODE5 
[NCSMessageProcessorLogger] [30 Oct 2014 - 02:32:44]  INFO - NODE1 
[NCSMessageProcessorLogger] [30 Oct 2014 - 02:32:44]  INFO - NODE2 
[NCSMessageProcessorLogger] [30 Oct 2014 - 02:32:44]  INFO - NODE3 
[NCSMessageProcessorLogger] [30 Oct 2014 - 02:32:44]  INFO - NODE4 
[NCSMessageProcessorLogger] [30 Oct 2014 - 02:32:44]  INFO - NODE5 
[NCSMessageProcessorLogger] [30 Oct 2014 - 02:32:44]  INFO - .. loading config for cluster (NODE1) 
[NCSMessageProcessorLogger] [30 Oct 2014 - 02:32:44]  INFO - .. NODE1 
[NCSMessageProcessorLogger] [30 Oct 2014 - 02:32:44]  INFO - .. loading config for cluster (NODE2) 
[NCSMessageProcessorLogger] [30 Oct 2014 - 02:32:44]  INFO - .. NODE2 
[NCSMessageProcessorLogger] [30 Oct 2014 - 02:32:44]  INFO - .. loading config for cluster (NODE3) 
[NCSMessageProcessorLogger] [30 Oct 2014 - 02:32:44]  INFO - .. NODE3 
[NCSMessageProcessorLogger] [30 Oct 2014 - 02:32:44]  INFO - .. loading config for cluster (NODE4) 
[NCSMessageProcessorLogger] [30 Oct 2014 - 02:32:44]  INFO - .. NODE4 
[NCSMessageProcessorLogger] [30 Oct 2014 - 02:32:44]  INFO - .. loading config for cluster (NODE5) 
[NCSMessageProcessorLogger] [30 Oct 2014 - 02:32:44]  INFO - .. NODE5 
[NCSMessageProcessorLogger] [30 Oct 2014 - 02:32:44]  INFO - class application.StandbyController, run, pause loop: 44 
[NCSMessageProcessorLogger] [30 Oct 2014 - 02:32:45] ERROR - class application.StandbyDiscoverer, run, internal, Connection refused: connect 
[NCSMessageProcessorLogger] [30 Oct 2014 - 02:32:46] ERROR - class application.StandbyDiscoverer, run, internal, Connection refused: connect 
[NCSMessageProcessorLogger] [30 Oct 2014 - 02:32:47] ERROR - class application.StandbyDiscoverer, run, internal, Connection refused: connect 
[NCSMessageProcessorLogger] [30 Oct 2014 - 02:32:48] ERROR - class application.StandbyDiscoverer, run, internal, Connection refused: connect 
[NCSMessageProcessorLogger] [30 Oct 2014 - 02:40:21]  INFO - NODE1 
[NCSMessageProcessorLogger] [30 Oct 2014 - 02:40:21]  INFO - NODE2 
[NCSMessageProcessorLogger] [30 Oct 2014 - 02:40:21]  INFO - NODE3 
[NCSMessageProcessorLogger] [30 Oct 2014 - 02:40:21]  INFO - NODE4 
[NCSMessageProcessorLogger] [30 Oct 2014 - 02:40:21]  INFO - NODE5 
[NCSMessageProcessorLogger] [30 Oct 2014 - 02:40:21]  INFO - .. loading config for cluster (NODE1) 
[NCSMessageProcessorLogger] [30 Oct 2014 - 02:40:21]  INFO - .. NODE1 
[NCSMessageProcessorLogger] [30 Oct 2014 - 02:40:21]  INFO - .. loading config for cluster (NODE2) 
[NCSMessageProcessorLogger] [30 Oct 2014 - 02:40:21]  INFO - .. NODE2 
[NCSMessageProcessorLogger] [30 Oct 2014 - 02:40:21]  INFO - .. loading config for cluster (NODE3) 
[NCSMessageProcessorLogger] [30 Oct 2014 - 02:40:21]  INFO - .. NODE3 
[NCSMessageProcessorLogger] [30 Oct 2014 - 02:40:21]  INFO - .. loading config for cluster (NODE4) 
[NCSMessageProcessorLogger] [30 Oct 2014 - 02:40:21]  INFO - .. NODE4 
[NCSMessageProcessorLogger] [30 Oct 2014 - 02:40:21]  INFO - .. loading config for cluster (NODE5) 
[NCSMessageProcessorLogger] [30 Oct 2014 - 02:40:21]  INFO - .. NODE5 
[NCSMessageProcessorLogger] [30 Oct 2014 - 02:40:21]  INFO - NODE1 
[NCSMessageProcessorLogger] [30 Oct 2014 - 02:40:21]  INFO - NODE2 
[NCSMessageProcessorLogger] [30 Oct 2014 - 02:40:21]  INFO - NODE3 
[NCSMessageProcessorLogger] [30 Oct 2014 - 02:40:21]  INFO - NODE4 
[NCSMessageProcessorLogger] [30 Oct 2014 - 02:40:21]  INFO - NODE5 
[NCSMessageProcessorLogger] [30 Oct 2014 - 02:40:21]  INFO - .. loading config for cluster (NODE1) 
[NCSMessageProcessorLogger] [30 Oct 2014 - 02:40:21]  INFO - .. NODE1 
[NCSMessageProcessorLogger] [30 Oct 2014 - 02:40:21]  INFO - .. loading config for cluster (NODE2) 
[NCSMessageProcessorLogger] [30 Oct 2014 - 02:40:21]  INFO - .. NODE2 
[NCSMessageProcessorLogger] [30 Oct 2014 - 02:40:21]  INFO - .. loading config for cluster (NODE3) 
[NCSMessageProcessorLogger] [30 Oct 2014 - 02:40:21]  INFO - .. NODE3 
[NCSMessageProcessorLogger] [30 Oct 2014 - 02:40:21]  INFO - .. loading config for cluster (NODE4) 
[NCSMessageProcessorLogger] [30 Oct 2014 - 02:40:21]  INFO - .. NODE4 
[NCSMessageProcessorLogger] [30 Oct 2014 - 02:40:21]  INFO - .. loading config for cluster (NODE5) 
[NCSMessageProcessorLogger] [30 Oct 2014 - 02:40:21]  INFO - .. NODE5 
[NCSMessageProcessorLogger] [30 Oct 2014 - 02:40:21]  INFO - class application.StandbyController, run, pause loop: 50 
[NCSMessageProcessorLogger] [30 Oct 2014 - 02:40:22] ERROR - class application.StandbyDiscoverer, run, internal, Connection refused: connect 
[NCSMessageProcessorLogger] [30 Oct 2014 - 02:40:23] ERROR - class application.StandbyDiscoverer, run, internal, Connection refused: connect 
[NCSMessageProcessorLogger] [30 Oct 2014 - 02:40:24] ERROR - class application.StandbyDiscoverer, run, internal, Connection refused: connect 
[NCSMessageProcessorLogger] [30 Oct 2014 - 02:40:25] ERROR - class application.StandbyDiscoverer, run, internal, Connection refused: connect 
[NCSMessageProcessorLogger] [30 Oct 2014 - 02:40:31] ERROR - class application.StandbyDiscoverer, run, internal, Connection refused: connect 
[NCSMessageProcessorLogger] [30 Oct 2014 - 02:40:32] ERROR - class application.StandbyDiscoverer, run, internal, Connection refused: connect 
[NCSMessageProcessorLogger] [30 Oct 2014 - 02:40:33] ERROR - class application.StandbyDiscoverer, run, internal, Connection refused: connect 
[NCSMessageProcessorLogger] [30 Oct 2014 - 02:40:34] ERROR - class application.StandbyDiscoverer, run, internal, Connection refused: connect 
[NCSMessageProcessorLogger] [30 Oct 2014 - 02:40:40] ERROR - class application.StandbyDiscoverer, run, internal, Connection refused: connect 
[NCSMessageProcessorLogger] [30 Oct 2014 - 02:40:41] ERROR - class application.StandbyDiscoverer, run, internal, Connection refused: connect 
[NCSMessageProcessorLogger] [30 Oct 2014 - 02:40:42] ERROR - class application.StandbyDiscoverer, run, internal, Connection refused: connect 
[NCSMessageProcessorLogger] [30 Oct 2014 - 02:40:43] ERROR - class application.StandbyDiscoverer, run, internal, Connection refused: connect 
[NCSMessageProcessorLogger] [30 Oct 2014 - 02:42:20]  INFO - NODE1 
[NCSMessageProcessorLogger] [30 Oct 2014 - 02:42:20]  INFO - NODE2 
[NCSMessageProcessorLogger] [30 Oct 2014 - 02:42:20]  INFO - NODE3 
[NCSMessageProcessorLogger] [30 Oct 2014 - 02:42:20]  INFO - NODE4 
[NCSMessageProcessorLogger] [30 Oct 2014 - 02:42:20]  INFO - NODE5 
[NCSMessageProcessorLogger] [30 Oct 2014 - 02:42:20]  INFO - .. loading config for cluster (NODE1) 
[NCSMessageProcessorLogger] [30 Oct 2014 - 02:42:20]  INFO - .. NODE1 
[NCSMessageProcessorLogger] [30 Oct 2014 - 02:42:20]  INFO - .. loading config for cluster (NODE2) 
[NCSMessageProcessorLogger] [30 Oct 2014 - 02:42:20]  INFO - .. NODE2 
[NCSMessageProcessorLogger] [30 Oct 2014 - 02:42:20]  INFO - .. loading config for cluster (NODE3) 
[NCSMessageProcessorLogger] [30 Oct 2014 - 02:42:20]  INFO - .. NODE3 
[NCSMessageProcessorLogger] [30 Oct 2014 - 02:42:20]  INFO - .. loading config for cluster (NODE4) 
[NCSMessageProcessorLogger] [30 Oct 2014 - 02:42:20]  INFO - .. NODE4 
[NCSMessageProcessorLogger] [30 Oct 2014 - 02:42:20]  INFO - .. loading config for cluster (NODE5) 
[NCSMessageProcessorLogger] [30 Oct 2014 - 02:42:20]  INFO - .. NODE5 
[NCSMessageProcessorLogger] [30 Oct 2014 - 02:42:20]  INFO - NODE1 
[NCSMessageProcessorLogger] [30 Oct 2014 - 02:42:20]  INFO - NODE2 
[NCSMessageProcessorLogger] [30 Oct 2014 - 02:42:20]  INFO - NODE3 
[NCSMessageProcessorLogger] [30 Oct 2014 - 02:42:20]  INFO - NODE4 
[NCSMessageProcessorLogger] [30 Oct 2014 - 02:42:20]  INFO - NODE5 
[NCSMessageProcessorLogger] [30 Oct 2014 - 02:42:20]  INFO - .. loading config for cluster (NODE1) 
[NCSMessageProcessorLogger] [30 Oct 2014 - 02:42:20]  INFO - .. NODE1 
[NCSMessageProcessorLogger] [30 Oct 2014 - 02:42:20]  INFO - .. loading config for cluster (NODE2) 
[NCSMessageProcessorLogger] [30 Oct 2014 - 02:42:20]  INFO - .. NODE2 
[NCSMessageProcessorLogger] [30 Oct 2014 - 02:42:20]  INFO - .. loading config for cluster (NODE3) 
[NCSMessageProcessorLogger] [30 Oct 2014 - 02:42:20]  INFO - .. NODE3 
[NCSMessageProcessorLogger] [30 Oct 2014 - 02:42:20]  INFO - .. loading config for cluster (NODE4) 
[NCSMessageProcessorLogger] [30 Oct 2014 - 02:42:20]  INFO - .. NODE4 
[NCSMessageProcessorLogger] [30 Oct 2014 - 02:42:20]  INFO - .. loading config for cluster (NODE5) 
[NCSMessageProcessorLogger] [30 Oct 2014 - 02:42:20]  INFO - .. NODE5 
[NCSMessageProcessorLogger] [30 Oct 2014 - 02:42:20]  INFO - class application.StandbyController, run, pause loop: 46 
[NCSMessageProcessorLogger] [30 Oct 2014 - 02:42:22] ERROR - class application.StandbyDiscoverer, run, internal, Connection refused: connect 
[NCSMessageProcessorLogger] [30 Oct 2014 - 02:42:23] ERROR - class application.StandbyDiscoverer, run, internal, Connection refused: connect 
[NCSMessageProcessorLogger] [30 Oct 2014 - 02:42:24] ERROR - class application.StandbyDiscoverer, run, internal, Connection refused: connect 
[NCSMessageProcessorLogger] [30 Oct 2014 - 02:42:25] ERROR - class application.StandbyDiscoverer, run, internal, Connection refused: connect 
[NCSMessageProcessorLogger] [30 Oct 2014 - 02:42:31] ERROR - class application.StandbyDiscoverer, run, internal, Connection refused: connect 
[NCSMessageProcessorLogger] [30 Oct 2014 - 02:42:32] ERROR - class application.StandbyDiscoverer, run, internal, Connection refused: connect 
[NCSMessageProcessorLogger] [30 Oct 2014 - 02:42:33] ERROR - class application.StandbyDiscoverer, run, internal, Connection refused: connect 
[NCSMessageProcessorLogger] [30 Oct 2014 - 02:42:34] ERROR - class application.StandbyDiscoverer, run, internal, Connection refused: connect 
[NCSMessageProcessorLogger] [30 Oct 2014 - 02:42:40] ERROR - class application.StandbyDiscoverer, run, internal, Connection refused: connect 
[NCSMessageProcessorLogger] [30 Oct 2014 - 02:42:41] ERROR - class application.StandbyDiscoverer, run, internal, Connection refused: connect 
[NCSMessageProcessorLogger] [30 Oct 2014 - 02:42:42] ERROR - class application.StandbyDiscoverer, run, internal, Connection refused: connect 
[NCSMessageProcessorLogger] [30 Oct 2014 - 02:42:43] ERROR - class application.StandbyDiscoverer, run, internal, Connection refused: connect 
[NCSMessageProcessorLogger] [30 Oct 2014 - 02:42:49] ERROR - class application.StandbyDiscoverer, run, internal, Connection refused: connect 
[NCSMessageProcessorLogger] [30 Oct 2014 - 02:42:50] ERROR - class application.StandbyDiscoverer, run, internal, Connection refused: connect 
[NCSMessageProcessorLogger] [30 Oct 2014 - 02:42:51] ERROR - class application.StandbyDiscoverer, run, internal, Connection refused: connect 
[NCSMessageProcessorLogger] [30 Oct 2014 - 02:42:52] ERROR - class application.StandbyDiscoverer, run, internal, Connection refused: connect 
[NCSMessageProcessorLogger] [30 Oct 2014 - 02:42:58] ERROR - class application.StandbyDiscoverer, run, internal, Connection refused: connect 
[NCSMessageProcessorLogger] [30 Oct 2014 - 02:42:59] ERROR - class application.StandbyDiscoverer, run, internal, Connection refused: connect 
[NCSMessageProcessorLogger] [30 Oct 2014 - 02:43:00] ERROR - class application.StandbyDiscoverer, run, internal, Connection refused: connect 
[NCSMessageProcessorLogger] [30 Oct 2014 - 02:43:01] ERROR - class application.StandbyDiscoverer, run, internal, Connection refused: connect 
[NCSMessageProcessorLogger] [30 Oct 2014 - 02:43:07] ERROR - class application.StandbyDiscoverer, run, internal, Connection refused: connect 
[NCSMessageProcessorLogger] [30 Oct 2014 - 02:43:08] ERROR - class application.StandbyDiscoverer, run, internal, Connection refused: connect 
[NCSMessageProcessorLogger] [30 Oct 2014 - 02:43:09] ERROR - class application.StandbyDiscoverer, run, internal, Connection refused: connect 
[NCSMessageProcessorLogger] [30 Oct 2014 - 02:43:10] ERROR - class application.StandbyDiscoverer, run, internal, Connection refused: connect 
[NCSMessageProcessorLogger] [30 Oct 2014 - 02:43:16] ERROR - class application.StandbyDiscoverer, run, internal, Connection refused: connect 
[NCSMessageProcessorLogger] [30 Oct 2014 - 02:43:17] ERROR - class application.StandbyDiscoverer, run, internal, Connection refused: connect 
[NCSMessageProcessorLogger] [30 Oct 2014 - 02:43:18] ERROR - class application.StandbyDiscoverer, run, internal, Connection refused: connect 
[NCSMessageProcessorLogger] [30 Oct 2014 - 02:43:19] ERROR - class application.StandbyDiscoverer, run, internal, Connection refused: connect 
[NCSMessageProcessorLogger] [30 Oct 2014 - 02:43:25] ERROR - class application.StandbyDiscoverer, run, internal, Connection refused: connect 
[NCSMessageProcessorLogger] [30 Oct 2014 - 02:43:26] ERROR - class application.StandbyDiscoverer, run, internal, Connection refused: connect 
[NCSMessageProcessorLogger] [30 Oct 2014 - 02:43:27] ERROR - class application.StandbyDiscoverer, run, internal, Connection refused: connect 
[NCSMessageProcessorLogger] [30 Oct 2014 - 02:43:28] ERROR - class application.StandbyDiscoverer, run, internal, Connection refused: connect 
[NCSMessageProcessorLogger] [30 Oct 2014 - 02:43:34] ERROR - class application.StandbyDiscoverer, run, internal, Connection refused: connect 
[NCSMessageProcessorLogger] [30 Oct 2014 - 02:43:35] ERROR - class application.StandbyDiscoverer, run, internal, Connection refused: connect 
[NCSMessageProcessorLogger] [30 Oct 2014 - 02:43:36] ERROR - class application.StandbyDiscoverer, run, internal, Connection refused: connect 
[NCSMessageProcessorLogger] [30 Oct 2014 - 02:43:37] ERROR - class application.StandbyDiscoverer, run, internal, Connection refused: connect 
[NCSMessageProcessorLogger] [30 Oct 2014 - 02:43:43] ERROR - class application.StandbyDiscoverer, run, internal, Connection refused: connect 
[NCSMessageProcessorLogger] [30 Oct 2014 - 02:43:44] ERROR - class application.StandbyDiscoverer, run, internal, Connection refused: connect 
[NCSMessageProcessorLogger] [30 Oct 2014 - 02:43:45] ERROR - class application.StandbyDiscoverer, run, internal, Connection refused: connect 
[NCSMessageProcessorLogger] [30 Oct 2014 - 02:43:47] ERROR - class application.StandbyDiscoverer, run, internal, Connection refused: connect 
[NCSMessageProcessorLogger] [30 Oct 2014 - 02:43:53] ERROR - class application.StandbyDiscoverer, run, internal, Connection refused: connect 
[NCSMessageProcessorLogger] [30 Oct 2014 - 02:43:54] ERROR - class application.StandbyDiscoverer, run, internal, Connection refused: connect 
[NCSMessageProcessorLogger] [30 Oct 2014 - 02:43:55] ERROR - class application.StandbyDiscoverer, run, internal, Connection refused: connect 
[NCSMessageProcessorLogger] [30 Oct 2014 - 02:43:56] ERROR - class application.StandbyDiscoverer, run, internal, Connection refused: connect 
[NCSMessageProcessorLogger] [30 Oct 2014 - 02:44:02] ERROR - class application.StandbyDiscoverer, run, internal, Connection refused: connect 
[NCSMessageProcessorLogger] [30 Oct 2014 - 02:44:03] ERROR - class application.StandbyDiscoverer, run, internal, Connection refused: connect 
[NCSMessageProcessorLogger] [30 Oct 2014 - 02:44:04] ERROR - class application.StandbyDiscoverer, run, internal, Connection refused: connect 
[NCSMessageProcessorLogger] [30 Oct 2014 - 02:44:05] ERROR - class application.StandbyDiscoverer, run, internal, Connection refused: connect 
[NCSMessageProcessorLogger] [30 Oct 2014 - 02:44:11] ERROR - class application.StandbyDiscoverer, run, internal, Connection refused: connect 
[NCSMessageProcessorLogger] [30 Oct 2014 - 02:44:12] ERROR - class application.StandbyDiscoverer, run, internal, Connection refused: connect 
[NCSMessageProcessorLogger] [30 Oct 2014 - 02:44:13] ERROR - class application.StandbyDiscoverer, run, internal, Connection refused: connect 
[NCSMessageProcessorLogger] [30 Oct 2014 - 02:44:14] ERROR - class application.StandbyDiscoverer, run, internal, Connection refused: connect 
[NCSMessageProcessorLogger] [30 Oct 2014 - 02:44:20] ERROR - class application.StandbyDiscoverer, run, internal, Connection refused: connect 
[NCSMessageProcessorLogger] [30 Oct 2014 - 02:44:21] ERROR - class application.StandbyDiscoverer, run, internal, Connection refused: connect 
[NCSMessageProcessorLogger] [30 Oct 2014 - 02:44:22] ERROR - class application.StandbyDiscoverer, run, internal, Connection refused: connect 
[NCSMessageProcessorLogger] [30 Oct 2014 - 02:44:23] ERROR - class application.StandbyDiscoverer, run, internal, Connection refused: connect 
[NCSMessageProcessorLogger] [30 Oct 2014 - 02:44:29] ERROR - class application.StandbyDiscoverer, run, internal, Connection refused: connect 
[NCSMessageProcessorLogger] [30 Oct 2014 - 02:44:30] ERROR - class application.StandbyDiscoverer, run, internal, Connection refused: connect 
[NCSMessageProcessorLogger] [30 Oct 2014 - 02:44:31] ERROR - class application.StandbyDiscoverer, run, internal, Connection refused: connect 
[NCSMessageProcessorLogger] [30 Oct 2014 - 02:44:32] ERROR - class application.StandbyDiscoverer, run, internal, Connection refused: connect 
[NCSMessageProcessorLogger] [30 Oct 2014 - 02:44:38] ERROR - class application.StandbyDiscoverer, run, internal, Connection refused: connect 
[NCSMessageProcessorLogger] [30 Oct 2014 - 02:44:39] ERROR - class application.StandbyDiscoverer, run, internal, Connection refused: connect 
[NCSMessageProcessorLogger] [30 Oct 2014 - 02:44:40] ERROR - class application.StandbyDiscoverer, run, internal, Connection refused: connect 
[NCSMessageProcessorLogger] [30 Oct 2014 - 02:44:41] ERROR - class application.StandbyDiscoverer, run, internal, Connection refused: connect 
[NCSMessageProcessorLogger] [30 Oct 2014 - 02:44:47] ERROR - class application.StandbyDiscoverer, run, internal, Connection refused: connect 
[NCSMessageProcessorLogger] [30 Oct 2014 - 02:44:48] ERROR - class application.StandbyDiscoverer, run, internal, Connection refused: connect 
[NCSMessageProcessorLogger] [30 Oct 2014 - 02:44:49] ERROR - class application.StandbyDiscoverer, run, internal, Connection refused: connect 
[NCSMessageProcessorLogger] [30 Oct 2014 - 02:44:50] ERROR - class application.StandbyDiscoverer, run, internal, Connection refused: connect 
[NCSMessageProcessorLogger] [30 Oct 2014 - 02:44:56] ERROR - class application.StandbyDiscoverer, run, internal, Connection refused: connect 
[NCSMessageProcessorLogger] [30 Oct 2014 - 02:44:57] ERROR - class application.StandbyDiscoverer, run, internal, Connection refused: connect 
[NCSMessageProcessorLogger] [30 Oct 2014 - 02:44:58] ERROR - class application.StandbyDiscoverer, run, internal, Connection refused: connect 
[NCSMessageProcessorLogger] [30 Oct 2014 - 02:44:59] ERROR - class application.StandbyDiscoverer, run, internal, Connection refused: connect 
[NCSMessageProcessorLogger] [30 Oct 2014 - 02:46:22]  INFO - NODE1 
[NCSMessageProcessorLogger] [30 Oct 2014 - 02:46:22]  INFO - NODE2 
[NCSMessageProcessorLogger] [30 Oct 2014 - 02:46:22]  INFO - NODE3 
[NCSMessageProcessorLogger] [30 Oct 2014 - 02:46:22]  INFO - NODE4 
[NCSMessageProcessorLogger] [30 Oct 2014 - 02:46:22]  INFO - NODE5 
[NCSMessageProcessorLogger] [30 Oct 2014 - 02:46:22]  INFO - .. loading config for cluster (NODE1) 
[NCSMessageProcessorLogger] [30 Oct 2014 - 02:46:22]  INFO - .. NODE1 
[NCSMessageProcessorLogger] [30 Oct 2014 - 02:46:22]  INFO - .. loading config for cluster (NODE2) 
[NCSMessageProcessorLogger] [30 Oct 2014 - 02:46:22]  INFO - .. NODE2 
[NCSMessageProcessorLogger] [30 Oct 2014 - 02:46:22]  INFO - .. loading config for cluster (NODE3) 
[NCSMessageProcessorLogger] [30 Oct 2014 - 02:46:22]  INFO - .. NODE3 
[NCSMessageProcessorLogger] [30 Oct 2014 - 02:46:22]  INFO - .. loading config for cluster (NODE4) 
[NCSMessageProcessorLogger] [30 Oct 2014 - 02:46:22]  INFO - .. NODE4 
[NCSMessageProcessorLogger] [30 Oct 2014 - 02:46:22]  INFO - .. loading config for cluster (NODE5) 
[NCSMessageProcessorLogger] [30 Oct 2014 - 02:46:22]  INFO - .. NODE5 
[NCSMessageProcessorLogger] [30 Oct 2014 - 02:46:22]  INFO - NODE1 
[NCSMessageProcessorLogger] [30 Oct 2014 - 02:46:22]  INFO - NODE2 
[NCSMessageProcessorLogger] [30 Oct 2014 - 02:46:22]  INFO - NODE3 
[NCSMessageProcessorLogger] [30 Oct 2014 - 02:46:22]  INFO - NODE4 
[NCSMessageProcessorLogger] [30 Oct 2014 - 02:46:22]  INFO - NODE5 
[NCSMessageProcessorLogger] [30 Oct 2014 - 02:46:22]  INFO - .. loading config for cluster (NODE1) 
[NCSMessageProcessorLogger] [30 Oct 2014 - 02:46:22]  INFO - .. NODE1 
[NCSMessageProcessorLogger] [30 Oct 2014 - 02:46:22]  INFO - .. loading config for cluster (NODE2) 
[NCSMessageProcessorLogger] [30 Oct 2014 - 02:46:22]  INFO - .. NODE2 
[NCSMessageProcessorLogger] [30 Oct 2014 - 02:46:22]  INFO - .. loading config for cluster (NODE3) 
[NCSMessageProcessorLogger] [30 Oct 2014 - 02:46:22]  INFO - .. NODE3 
[NCSMessageProcessorLogger] [30 Oct 2014 - 02:46:22]  INFO - .. loading config for cluster (NODE4) 
[NCSMessageProcessorLogger] [30 Oct 2014 - 02:46:22]  INFO - .. NODE4 
[NCSMessageProcessorLogger] [30 Oct 2014 - 02:46:22]  INFO - .. loading config for cluster (NODE5) 
[NCSMessageProcessorLogger] [30 Oct 2014 - 02:46:22]  INFO - .. NODE5 
[NCSMessageProcessorLogger] [30 Oct 2014 - 02:46:22]  INFO - class application.StandbyController, run, pause loop: 36 
[NCSMessageProcessorLogger] [30 Oct 2014 - 02:46:23] ERROR - class application.StandbyDiscoverer, run, internal, Connection refused: connect 
[NCSMessageProcessorLogger] [30 Oct 2014 - 02:46:24] ERROR - class application.StandbyDiscoverer, run, internal, Connection refused: connect 
[NCSMessageProcessorLogger] [30 Oct 2014 - 02:46:25] ERROR - class application.StandbyDiscoverer, run, internal, Connection refused: connect 
[NCSMessageProcessorLogger] [30 Oct 2014 - 02:46:26] ERROR - class application.StandbyDiscoverer, run, internal, Connection refused: connect 
[NCSMessageProcessorLogger] [30 Oct 2014 - 02:48:49]  INFO - NODE1 
[NCSMessageProcessorLogger] [30 Oct 2014 - 02:48:49]  INFO - NODE2 
[NCSMessageProcessorLogger] [30 Oct 2014 - 02:48:49]  INFO - NODE3 
[NCSMessageProcessorLogger] [30 Oct 2014 - 02:48:49]  INFO - NODE4 
[NCSMessageProcessorLogger] [30 Oct 2014 - 02:48:49]  INFO - NODE5 
[NCSMessageProcessorLogger] [30 Oct 2014 - 02:48:49]  INFO - .. loading config for cluster (NODE1) 
[NCSMessageProcessorLogger] [30 Oct 2014 - 02:48:49]  INFO - .. NODE1 
[NCSMessageProcessorLogger] [30 Oct 2014 - 02:48:49]  INFO - .. loading config for cluster (NODE2) 
[NCSMessageProcessorLogger] [30 Oct 2014 - 02:48:49]  INFO - .. NODE2 
[NCSMessageProcessorLogger] [30 Oct 2014 - 02:48:49]  INFO - .. loading config for cluster (NODE3) 
[NCSMessageProcessorLogger] [30 Oct 2014 - 02:48:49]  INFO - .. NODE3 
[NCSMessageProcessorLogger] [30 Oct 2014 - 02:48:49]  INFO - .. loading config for cluster (NODE4) 
[NCSMessageProcessorLogger] [30 Oct 2014 - 02:48:49]  INFO - .. NODE4 
[NCSMessageProcessorLogger] [30 Oct 2014 - 02:48:49]  INFO - .. loading config for cluster (NODE5) 
[NCSMessageProcessorLogger] [30 Oct 2014 - 02:48:49]  INFO - .. NODE5 
[NCSMessageProcessorLogger] [30 Oct 2014 - 02:48:49]  INFO - NODE1 
[NCSMessageProcessorLogger] [30 Oct 2014 - 02:48:49]  INFO - NODE2 
[NCSMessageProcessorLogger] [30 Oct 2014 - 02:48:49]  INFO - NODE3 
[NCSMessageProcessorLogger] [30 Oct 2014 - 02:48:49]  INFO - NODE4 
[NCSMessageProcessorLogger] [30 Oct 2014 - 02:48:49]  INFO - NODE5 
[NCSMessageProcessorLogger] [30 Oct 2014 - 02:48:49]  INFO - .. loading config for cluster (NODE1) 
[NCSMessageProcessorLogger] [30 Oct 2014 - 02:48:49]  INFO - .. NODE1 
[NCSMessageProcessorLogger] [30 Oct 2014 - 02:48:49]  INFO - .. loading config for cluster (NODE2) 
[NCSMessageProcessorLogger] [30 Oct 2014 - 02:48:49]  INFO - .. NODE2 
[NCSMessageProcessorLogger] [30 Oct 2014 - 02:48:49]  INFO - .. loading config for cluster (NODE3) 
[NCSMessageProcessorLogger] [30 Oct 2014 - 02:48:49]  INFO - .. NODE3 
[NCSMessageProcessorLogger] [30 Oct 2014 - 02:48:49]  INFO - .. loading config for cluster (NODE4) 
[NCSMessageProcessorLogger] [30 Oct 2014 - 02:48:49]  INFO - .. NODE4 
[NCSMessageProcessorLogger] [30 Oct 2014 - 02:48:49]  INFO - .. loading config for cluster (NODE5) 
[NCSMessageProcessorLogger] [30 Oct 2014 - 02:48:49]  INFO - .. NODE5 
[NCSMessageProcessorLogger] [30 Oct 2014 - 02:48:49]  INFO - class application.StandbyController, run, pause loop: 30 
[NCSMessageProcessorLogger] [30 Oct 2014 - 02:48:50] ERROR - class application.StandbyDiscoverer, run, internal, Connection refused: connect 
[NCSMessageProcessorLogger] [30 Oct 2014 - 02:48:51] ERROR - class application.StandbyDiscoverer, run, internal, Connection refused: connect 
[NCSMessageProcessorLogger] [30 Oct 2014 - 02:48:52] ERROR - class application.StandbyDiscoverer, run, internal, Connection refused: connect 
[NCSMessageProcessorLogger] [30 Oct 2014 - 02:48:53] ERROR - class application.StandbyDiscoverer, run, internal, Connection refused: connect 
[NCSMessageProcessorLogger] [30 Oct 2014 - 02:55:09]  INFO - NODE1 
[NCSMessageProcessorLogger] [30 Oct 2014 - 02:55:09]  INFO - NODE2 
[NCSMessageProcessorLogger] [30 Oct 2014 - 02:55:09]  INFO - NODE3 
[NCSMessageProcessorLogger] [30 Oct 2014 - 02:55:09]  INFO - NODE4 
[NCSMessageProcessorLogger] [30 Oct 2014 - 02:55:09]  INFO - NODE5 
[NCSMessageProcessorLogger] [30 Oct 2014 - 02:55:09]  INFO - .. loading config for cluster (NODE1) 
[NCSMessageProcessorLogger] [30 Oct 2014 - 02:55:09]  INFO - .. NODE1 
[NCSMessageProcessorLogger] [30 Oct 2014 - 02:55:09]  INFO - .. loading config for cluster (NODE2) 
[NCSMessageProcessorLogger] [30 Oct 2014 - 02:55:09]  INFO - .. NODE2 
[NCSMessageProcessorLogger] [30 Oct 2014 - 02:55:09]  INFO - .. loading config for cluster (NODE3) 
[NCSMessageProcessorLogger] [30 Oct 2014 - 02:55:09]  INFO - .. NODE3 
[NCSMessageProcessorLogger] [30 Oct 2014 - 02:55:09]  INFO - .. loading config for cluster (NODE4) 
[NCSMessageProcessorLogger] [30 Oct 2014 - 02:55:09]  INFO - .. NODE4 
[NCSMessageProcessorLogger] [30 Oct 2014 - 02:55:09]  INFO - .. loading config for cluster (NODE5) 
[NCSMessageProcessorLogger] [30 Oct 2014 - 02:55:09]  INFO - .. NODE5 
[NCSMessageProcessorLogger] [30 Oct 2014 - 02:55:09]  INFO - NODE1 
[NCSMessageProcessorLogger] [30 Oct 2014 - 02:55:09]  INFO - NODE2 
[NCSMessageProcessorLogger] [30 Oct 2014 - 02:55:09]  INFO - NODE3 
[NCSMessageProcessorLogger] [30 Oct 2014 - 02:55:09]  INFO - NODE4 
[NCSMessageProcessorLogger] [30 Oct 2014 - 02:55:09]  INFO - NODE5 
[NCSMessageProcessorLogger] [30 Oct 2014 - 02:55:09]  INFO - .. loading config for cluster (NODE1) 
[NCSMessageProcessorLogger] [30 Oct 2014 - 02:55:09]  INFO - .. NODE1 
[NCSMessageProcessorLogger] [30 Oct 2014 - 02:55:09]  INFO - .. loading config for cluster (NODE2) 
[NCSMessageProcessorLogger] [30 Oct 2014 - 02:55:09]  INFO - .. NODE2 
[NCSMessageProcessorLogger] [30 Oct 2014 - 02:55:09]  INFO - .. loading config for cluster (NODE3) 
[NCSMessageProcessorLogger] [30 Oct 2014 - 02:55:09]  INFO - .. NODE3 
[NCSMessageProcessorLogger] [30 Oct 2014 - 02:55:09]  INFO - .. loading config for cluster (NODE4) 
[NCSMessageProcessorLogger] [30 Oct 2014 - 02:55:09]  INFO - .. NODE4 
[NCSMessageProcessorLogger] [30 Oct 2014 - 02:55:09]  INFO - .. loading config for cluster (NODE5) 
[NCSMessageProcessorLogger] [30 Oct 2014 - 02:55:09]  INFO - .. NODE5 
[NCSMessageProcessorLogger] [30 Oct 2014 - 02:55:09]  INFO - class application.StandbyController, run, pause loop: 39 
[NCSMessageProcessorLogger] [30 Oct 2014 - 02:55:10] ERROR - class application.StandbyDiscoverer, run, internal, Connection refused: connect 
[NCSMessageProcessorLogger] [30 Oct 2014 - 02:55:11] ERROR - class application.StandbyDiscoverer, run, internal, Connection refused: connect 
[NCSMessageProcessorLogger] [30 Oct 2014 - 02:55:12] ERROR - class application.StandbyDiscoverer, run, internal, Connection refused: connect 
[NCSMessageProcessorLogger] [30 Oct 2014 - 03:16:11]  INFO - NODE1 
[NCSMessageProcessorLogger] [30 Oct 2014 - 03:16:11]  INFO - NODE2 
[NCSMessageProcessorLogger] [30 Oct 2014 - 03:16:11]  INFO - NODE3 
[NCSMessageProcessorLogger] [30 Oct 2014 - 03:16:11]  INFO - NODE4 
[NCSMessageProcessorLogger] [30 Oct 2014 - 03:16:11]  INFO - NODE5 
[NCSMessageProcessorLogger] [30 Oct 2014 - 03:16:11]  INFO - .. loading config for cluster (NODE1) 
[NCSMessageProcessorLogger] [30 Oct 2014 - 03:16:11]  INFO - .. NODE1 
[NCSMessageProcessorLogger] [30 Oct 2014 - 03:16:11]  INFO - .. loading config for cluster (NODE2) 
[NCSMessageProcessorLogger] [30 Oct 2014 - 03:16:11]  INFO - .. NODE2 
[NCSMessageProcessorLogger] [30 Oct 2014 - 03:16:11]  INFO - .. loading config for cluster (NODE3) 
[NCSMessageProcessorLogger] [30 Oct 2014 - 03:16:11]  INFO - .. NODE3 
[NCSMessageProcessorLogger] [30 Oct 2014 - 03:16:11]  INFO - .. loading config for cluster (NODE4) 
[NCSMessageProcessorLogger] [30 Oct 2014 - 03:16:11]  INFO - .. NODE4 
[NCSMessageProcessorLogger] [30 Oct 2014 - 03:16:11]  INFO - .. loading config for cluster (NODE5) 
[NCSMessageProcessorLogger] [30 Oct 2014 - 03:16:11]  INFO - .. NODE5 
[NCSMessageProcessorLogger] [30 Oct 2014 - 03:16:11]  INFO - NODE1 
[NCSMessageProcessorLogger] [30 Oct 2014 - 03:16:11]  INFO - NODE2 
[NCSMessageProcessorLogger] [30 Oct 2014 - 03:16:11]  INFO - NODE3 
[NCSMessageProcessorLogger] [30 Oct 2014 - 03:16:11]  INFO - NODE4 
[NCSMessageProcessorLogger] [30 Oct 2014 - 03:16:11]  INFO - NODE5 
[NCSMessageProcessorLogger] [30 Oct 2014 - 03:16:11]  INFO - .. loading config for cluster (NODE1) 
[NCSMessageProcessorLogger] [30 Oct 2014 - 03:16:11]  INFO - .. NODE1 
[NCSMessageProcessorLogger] [30 Oct 2014 - 03:16:11]  INFO - .. loading config for cluster (NODE2) 
[NCSMessageProcessorLogger] [30 Oct 2014 - 03:16:11]  INFO - .. NODE2 
[NCSMessageProcessorLogger] [30 Oct 2014 - 03:16:11]  INFO - .. loading config for cluster (NODE3) 
[NCSMessageProcessorLogger] [30 Oct 2014 - 03:16:11]  INFO - .. NODE3 
[NCSMessageProcessorLogger] [30 Oct 2014 - 03:16:11]  INFO - .. loading config for cluster (NODE4) 
[NCSMessageProcessorLogger] [30 Oct 2014 - 03:16:11]  INFO - .. NODE4 
[NCSMessageProcessorLogger] [30 Oct 2014 - 03:16:11]  INFO - .. loading config for cluster (NODE5) 
[NCSMessageProcessorLogger] [30 Oct 2014 - 03:16:11]  INFO - .. NODE5 
[NCSMessageProcessorLogger] [30 Oct 2014 - 03:16:11]  INFO - class application.StandbyController, run, pause loop: 50 
[NCSMessageProcessorLogger] [30 Oct 2014 - 03:16:12] ERROR - class application.StandbyDiscoverer, run, internal, Connection refused: connect 
[NCSMessageProcessorLogger] [30 Oct 2014 - 03:16:13] ERROR - class application.StandbyDiscoverer, run, internal, Connection refused: connect 
[NCSMessageProcessorLogger] [30 Oct 2014 - 03:16:14] ERROR - class application.StandbyDiscoverer, run, internal, Connection refused: connect 
[NCSMessageProcessorLogger] [30 Oct 2014 - 03:16:15] ERROR - class application.StandbyDiscoverer, run, internal, Connection refused: connect 
[NCSMessageProcessorLogger] [30 Oct 2014 - 04:12:12]  INFO - NODE1 
[NCSMessageProcessorLogger] [30 Oct 2014 - 04:12:12]  INFO - NODE2 
[NCSMessageProcessorLogger] [30 Oct 2014 - 04:12:12]  INFO - NODE3 
[NCSMessageProcessorLogger] [30 Oct 2014 - 04:12:12]  INFO - NODE4 
[NCSMessageProcessorLogger] [30 Oct 2014 - 04:12:12]  INFO - NODE5 
[NCSMessageProcessorLogger] [30 Oct 2014 - 04:12:12]  INFO - .. loading config for cluster (NODE1) 
[NCSMessageProcessorLogger] [30 Oct 2014 - 04:12:13]  INFO - .. NODE1 
[NCSMessageProcessorLogger] [30 Oct 2014 - 04:12:13]  INFO - .. loading config for cluster (NODE2) 
[NCSMessageProcessorLogger] [30 Oct 2014 - 04:12:13]  INFO - .. NODE2 
[NCSMessageProcessorLogger] [30 Oct 2014 - 04:12:13]  INFO - .. loading config for cluster (NODE3) 
[NCSMessageProcessorLogger] [30 Oct 2014 - 04:12:13]  INFO - .. NODE3 
[NCSMessageProcessorLogger] [30 Oct 2014 - 04:12:13]  INFO - .. loading config for cluster (NODE4) 
[NCSMessageProcessorLogger] [30 Oct 2014 - 04:12:13]  INFO - .. NODE4 
[NCSMessageProcessorLogger] [30 Oct 2014 - 04:12:13]  INFO - .. loading config for cluster (NODE5) 
[NCSMessageProcessorLogger] [30 Oct 2014 - 04:12:13]  INFO - .. NODE5 
[NCSMessageProcessorLogger] [30 Oct 2014 - 04:12:13]  INFO - NODE1 
[NCSMessageProcessorLogger] [30 Oct 2014 - 04:12:13]  INFO - NODE2 
[NCSMessageProcessorLogger] [30 Oct 2014 - 04:12:13]  INFO - NODE3 
[NCSMessageProcessorLogger] [30 Oct 2014 - 04:12:13]  INFO - NODE4 
[NCSMessageProcessorLogger] [30 Oct 2014 - 04:12:13]  INFO - NODE5 
[NCSMessageProcessorLogger] [30 Oct 2014 - 04:12:13]  INFO - .. loading config for cluster (NODE1) 
[NCSMessageProcessorLogger] [30 Oct 2014 - 04:12:13]  INFO - .. NODE1 
[NCSMessageProcessorLogger] [30 Oct 2014 - 04:12:13]  INFO - .. loading config for cluster (NODE2) 
[NCSMessageProcessorLogger] [30 Oct 2014 - 04:12:13]  INFO - .. NODE2 
[NCSMessageProcessorLogger] [30 Oct 2014 - 04:12:13]  INFO - .. loading config for cluster (NODE3) 
[NCSMessageProcessorLogger] [30 Oct 2014 - 04:12:13]  INFO - .. NODE3 
[NCSMessageProcessorLogger] [30 Oct 2014 - 04:12:13]  INFO - .. loading config for cluster (NODE4) 
[NCSMessageProcessorLogger] [30 Oct 2014 - 04:12:13]  INFO - .. NODE4 
[NCSMessageProcessorLogger] [30 Oct 2014 - 04:12:13]  INFO - .. loading config for cluster (NODE5) 
[NCSMessageProcessorLogger] [30 Oct 2014 - 04:12:13]  INFO - .. NODE5 
[NCSMessageProcessorLogger] [30 Oct 2014 - 04:12:13]  INFO - class application.StandbyController, run, pause loop: 37 
[NCSMessageProcessorLogger] [30 Oct 2014 - 04:12:54]  INFO - NODE1 
[NCSMessageProcessorLogger] [30 Oct 2014 - 04:12:54]  INFO - NODE2 
[NCSMessageProcessorLogger] [30 Oct 2014 - 04:12:54]  INFO - NODE3 
[NCSMessageProcessorLogger] [30 Oct 2014 - 04:12:54]  INFO - NODE4 
[NCSMessageProcessorLogger] [30 Oct 2014 - 04:12:54]  INFO - NODE5 
[NCSMessageProcessorLogger] [30 Oct 2014 - 04:12:54]  INFO - .. loading config for cluster (NODE1) 
[NCSMessageProcessorLogger] [30 Oct 2014 - 04:12:54]  INFO - .. NODE1 
[NCSMessageProcessorLogger] [30 Oct 2014 - 04:12:54]  INFO - .. loading config for cluster (NODE2) 
[NCSMessageProcessorLogger] [30 Oct 2014 - 04:12:54]  INFO - .. NODE2 
[NCSMessageProcessorLogger] [30 Oct 2014 - 04:12:54]  INFO - .. loading config for cluster (NODE3) 
[NCSMessageProcessorLogger] [30 Oct 2014 - 04:12:54]  INFO - .. NODE3 
[NCSMessageProcessorLogger] [30 Oct 2014 - 04:12:54]  INFO - .. loading config for cluster (NODE4) 
[NCSMessageProcessorLogger] [30 Oct 2014 - 04:12:54]  INFO - .. NODE4 
[NCSMessageProcessorLogger] [30 Oct 2014 - 04:12:54]  INFO - .. loading config for cluster (NODE5) 
[NCSMessageProcessorLogger] [30 Oct 2014 - 04:12:54]  INFO - .. NODE5 
[NCSMessageProcessorLogger] [30 Oct 2014 - 04:12:54]  INFO - NODE1 
[NCSMessageProcessorLogger] [30 Oct 2014 - 04:12:54]  INFO - NODE2 
[NCSMessageProcessorLogger] [30 Oct 2014 - 04:12:54]  INFO - NODE3 
[NCSMessageProcessorLogger] [30 Oct 2014 - 04:12:54]  INFO - NODE4 
[NCSMessageProcessorLogger] [30 Oct 2014 - 04:12:54]  INFO - NODE5 
[NCSMessageProcessorLogger] [30 Oct 2014 - 04:12:54]  INFO - .. loading config for cluster (NODE1) 
[NCSMessageProcessorLogger] [30 Oct 2014 - 04:12:54]  INFO - .. NODE1 
[NCSMessageProcessorLogger] [30 Oct 2014 - 04:12:54]  INFO - .. loading config for cluster (NODE2) 
[NCSMessageProcessorLogger] [30 Oct 2014 - 04:12:54]  INFO - .. NODE2 
[NCSMessageProcessorLogger] [30 Oct 2014 - 04:12:54]  INFO - .. loading config for cluster (NODE3) 
[NCSMessageProcessorLogger] [30 Oct 2014 - 04:12:54]  INFO - .. NODE3 
[NCSMessageProcessorLogger] [30 Oct 2014 - 04:12:54]  INFO - .. loading config for cluster (NODE4) 
[NCSMessageProcessorLogger] [30 Oct 2014 - 04:12:54]  INFO - .. NODE4 
[NCSMessageProcessorLogger] [30 Oct 2014 - 04:12:54]  INFO - .. loading config for cluster (NODE5) 
[NCSMessageProcessorLogger] [30 Oct 2014 - 04:12:54]  INFO - .. NODE5 
[NCSMessageProcessorLogger] [30 Oct 2014 - 04:12:54]  INFO - class application.StandbyController, run, pause loop: 25 
[NCSMessageProcessorLogger] [19 Apr 2015 - 07:34:48]  INFO - NODE1 
[NCSMessageProcessorLogger] [19 Apr 2015 - 07:34:48]  INFO - NODE2 
[NCSMessageProcessorLogger] [19 Apr 2015 - 07:34:48]  INFO - NODE3 
[NCSMessageProcessorLogger] [19 Apr 2015 - 07:34:48]  INFO - NODE4 
[NCSMessageProcessorLogger] [19 Apr 2015 - 07:34:48]  INFO - NODE5 
[NCSMessageProcessorLogger] [19 Apr 2015 - 07:34:48]  INFO - .. loading config for cluster (NODE1) 
[NCSMessageProcessorLogger] [19 Apr 2015 - 07:34:48]  INFO - .. NODE1 
[NCSMessageProcessorLogger] [19 Apr 2015 - 07:34:48]  INFO - .. loading config for cluster (NODE2) 
[NCSMessageProcessorLogger] [19 Apr 2015 - 07:34:48]  INFO - .. NODE2 
[NCSMessageProcessorLogger] [19 Apr 2015 - 07:34:48]  INFO - .. loading config for cluster (NODE3) 
[NCSMessageProcessorLogger] [19 Apr 2015 - 07:34:48]  INFO - .. NODE3 
[NCSMessageProcessorLogger] [19 Apr 2015 - 07:34:48]  INFO - .. loading config for cluster (NODE4) 
[NCSMessageProcessorLogger] [19 Apr 2015 - 07:34:48]  INFO - .. NODE4 
[NCSMessageProcessorLogger] [19 Apr 2015 - 07:34:48]  INFO - .. loading config for cluster (NODE5) 
[NCSMessageProcessorLogger] [19 Apr 2015 - 07:34:48]  INFO - .. NODE5 
[NCSMessageProcessorLogger] [19 Apr 2015 - 07:34:48]  INFO - NODE1 
[NCSMessageProcessorLogger] [19 Apr 2015 - 07:34:48]  INFO - NODE2 
[NCSMessageProcessorLogger] [19 Apr 2015 - 07:34:48]  INFO - NODE3 
[NCSMessageProcessorLogger] [19 Apr 2015 - 07:34:48]  INFO - NODE4 
[NCSMessageProcessorLogger] [19 Apr 2015 - 07:34:48]  INFO - NODE5 
[NCSMessageProcessorLogger] [19 Apr 2015 - 07:34:48]  INFO - .. loading config for cluster (NODE1) 
[NCSMessageProcessorLogger] [19 Apr 2015 - 07:34:48]  INFO - .. NODE1 
[NCSMessageProcessorLogger] [19 Apr 2015 - 07:34:48]  INFO - .. loading config for cluster (NODE2) 
[NCSMessageProcessorLogger] [19 Apr 2015 - 07:34:48]  INFO - .. NODE2 
[NCSMessageProcessorLogger] [19 Apr 2015 - 07:34:48]  INFO - .. loading config for cluster (NODE3) 
[NCSMessageProcessorLogger] [19 Apr 2015 - 07:34:48]  INFO - .. NODE3 
[NCSMessageProcessorLogger] [19 Apr 2015 - 07:34:48]  INFO - .. loading config for cluster (NODE4) 
[NCSMessageProcessorLogger] [19 Apr 2015 - 07:34:48]  INFO - .. NODE4 
[NCSMessageProcessorLogger] [19 Apr 2015 - 07:34:48]  INFO - .. loading config for cluster (NODE5) 
[NCSMessageProcessorLogger] [19 Apr 2015 - 07:34:49]  INFO - .. NODE5 
[NCSMessageProcessorLogger] [19 Apr 2015 - 07:34:49]  INFO - class application.StandbyController, run, pause loop: 33 
[NCSMessageProcessorLogger] [19 Apr 2015 - 07:37:29]  INFO - class application.StandbyController, run, pause loop: 37 
[NCSMessageProcessorLogger] [19 Apr 2015 - 07:40:34]  INFO - class application.StandbyController, run, pause loop: 36 
[NCSMessageProcessorLogger] [19 Apr 2015 - 07:40:34] ERROR - class application.StandbyListener, run, Socket operation on nonsocket: configureBlocking 
[NCSMessageProcessorLogger] [19 Apr 2015 - 07:40:34] ERROR - class application.StandbyDiscoverer, run, sleep interrupted 
